# JRE version: OpenJDK Runtime Environment (11.0.10) (build 11.0.10+0-b96-7249189)
# Java VM: OpenJDK 64-Bit Server VM (11.0.10+0-b96-7249189, mixed mode, tiered, compressed oops, g1 gc, windows-amd64)
Heap:
 garbage-first heap   total 120832K, used 70099K [0x00000000a2400000, 0x0000000100000000)
  region size 1024K, 51 young (52224K), 8 survivors (8192K)
 Metaspace       used 43408K, capacity 44411K, committed 44620K, reserved 1087488K
  class space    used 5546K, capacity 5896K, committed 5964K, reserved 1048576K
GC Heap History (14 events):
Event: 0.514 GC heap before
{Heap before GC invocations=0 (full 0):
 garbage-first heap   total 120832K, used 29696K [0x00000000a2400000, 0x0000000100000000)
  region size 1024K, 24 young (24576K), 0 survivors (0K)
 Metaspace       used 9801K, capacity 10002K, committed 10112K, reserved 1058816K
  class space    used 1022K, capacity 1102K, committed 1152K, reserved 1048576K
}
Event: 0.524 GC heap after
{Heap after GC invocations=1 (full 0):
 garbage-first heap   total 120832K, used 8999K [0x00000000a2400000, 0x0000000100000000)
  region size 1024K, 3 young (3072K), 3 survivors (3072K)
 Metaspace       used 9801K, capacity 10002K, committed 10112K, reserved 1058816K
  class space    used 1022K, capacity 1102K, committed 1152K, reserved 1048576K
}
Event: 1.809 GC heap before
{Heap before GC invocations=1 (full 0):
 garbage-first heap   total 120832K, used 77607K [0x00000000a2400000, 0x0000000100000000)
  region size 1024K, 70 young (71680K), 3 survivors (3072K)
 Metaspace       used 17381K, capacity 17782K, committed 17792K, reserved 1064960K
  class space    used 2029K, capacity 2172K, committed 2176K, reserved 1048576K
}
Event: 1.815 GC heap after
{Heap after GC invocations=2 (full 0):
 garbage-first heap   total 120832K, used 16384K [0x00000000a2400000, 0x0000000100000000)
  region size 1024K, 9 young (9216K), 9 survivors (9216K)
 Metaspace       used 17381K, capacity 17782K, committed 17792K, reserved 1064960K
  class space    used 2029K, capacity 2172K, committed 2176K, reserved 1048576K
}
Event: 1.996 GC heap before
{Heap before GC invocations=2 (full 0):
 garbage-first heap   total 120832K, used 44032K [0x00000000a2400000, 0x0000000100000000)
  region size 1024K, 37 young (37888K), 9 survivors (9216K)
 Metaspace       used 20640K, capacity 21156K, committed 21248K, reserved 1067008K
  class space    used 2528K, capacity 2728K, committed 2816K, reserved 1048576K
}
Event: 2.001 GC heap after
{Heap after GC invocations=3 (full 0):
 garbage-first heap   total 120832K, used 16884K [0x00000000a2400000, 0x0000000100000000)
  region size 1024K, 2 young (2048K), 2 survivors (2048K)
 Metaspace       used 20640K, capacity 21156K, committed 21248K, reserved 1067008K
  class space    used 2528K, capacity 2728K, committed 2816K, reserved 1048576K
}
Event: 2.356 GC heap before
{Heap before GC invocations=4 (full 0):
 garbage-first heap   total 120832K, used 62964K [0x00000000a2400000, 0x0000000100000000)
  region size 1024K, 48 young (49152K), 2 survivors (2048K)
 Metaspace       used 25496K, capacity 26082K, committed 26112K, reserved 1071104K
  class space    used 3332K, capacity 3566K, committed 3584K, reserved 1048576K
}
Event: 2.359 GC heap after
{Heap after GC invocations=5 (full 0):
 garbage-first heap   total 120832K, used 18453K [0x00000000a2400000, 0x0000000100000000)
  region size 1024K, 3 young (3072K), 3 survivors (3072K)
 Metaspace       used 25496K, capacity 26082K, committed 26112K, reserved 1071104K
  class space    used 3332K, capacity 3566K, committed 3584K, reserved 1048576K
}
Event: 2.882 GC heap before
{Heap before GC invocations=5 (full 0):
 garbage-first heap   total 120832K, used 72725K [0x00000000a2400000, 0x0000000100000000)
  region size 1024K, 56 young (57344K), 3 survivors (3072K)
 Metaspace       used 32250K, capacity 33029K, committed 33152K, reserved 1077248K
  class space    used 4216K, capacity 4476K, committed 4480K, reserved 1048576K
}
Event: 2.885 GC heap after
{Heap after GC invocations=6 (full 0):
 garbage-first heap   total 120832K, used 21030K [0x00000000a2400000, 0x0000000100000000)
  region size 1024K, 6 young (6144K), 6 survivors (6144K)
 Metaspace       used 32250K, capacity 33029K, committed 33152K, reserved 1077248K
  class space    used 4216K, capacity 4476K, committed 4480K, reserved 1048576K
}
Event: 2.994 GC heap before
{Heap before GC invocations=6 (full 0):
 garbage-first heap   total 120832K, used 28198K [0x00000000a2400000, 0x0000000100000000)
  region size 1024K, 14 young (14336K), 6 survivors (6144K)
 Metaspace       used 34973K, capacity 35782K, committed 35840K, reserved 1081344K
  class space    used 4533K, capacity 4864K, committed 4864K, reserved 1048576K
}
Event: 3.001 GC heap after
{Heap after GC invocations=7 (full 0):
 garbage-first heap   total 120832K, used 22280K [0x00000000a2400000, 0x0000000100000000)
  region size 1024K, 4 young (4096K), 4 survivors (4096K)
 Metaspace       used 34973K, capacity 35782K, committed 35840K, reserved 1081344K
  class space    used 4533K, capacity 4864K, committed 4864K, reserved 1048576K
}
Event: 3.429 GC heap before
{Heap before GC invocations=8 (full 0):
 garbage-first heap   total 120832K, used 83720K [0x00000000a2400000, 0x0000000100000000)
  region size 1024K, 62 young (63488K), 4 survivors (4096K)
 Metaspace       used 39211K, capacity 40153K, committed 40268K, reserved 1083392K
  class space    used 5014K, capacity 5356K, committed 5452K, reserved 1048576K
}
Event: 3.435 GC heap after
{Heap after GC invocations=9 (full 0):
 garbage-first heap   total 120832K, used 27091K [0x00000000a2400000, 0x0000000100000000)
  region size 1024K, 8 young (8192K), 8 survivors (8192K)
 Metaspace       used 39211K, capacity 40153K, committed 40268K, reserved 1083392K
  class space    used 5014K, capacity 5356K, committed 5452K, reserved 1048576K
}

