# JRE version: OpenJDK Runtime Environment (11.0.10) (build 11.0.10+0-b96-7249189)
# Java VM: OpenJDK 64-Bit Server VM (11.0.10+0-b96-7249189, mixed mode, tiered, compressed oops, g1 gc, windows-amd64)
Heap:
 garbage-first heap   total 210944K, used 63829K [0x0000000080000000, 0x0000000100000000)
  region size 1024K, 6 young (6144K), 6 survivors (6144K)
 Metaspace       used 49801K, capacity 51329K, committed 51456K, reserved 1093632K
  class space    used 6343K, capacity 6844K, committed 6912K, reserved 1048576K
GC Heap History (20 events):
Event: 4.902 GC heap after
{Heap after GC invocations=16 (full 0):
 garbage-first heap   total 145408K, used 59608K [0x0000000080000000, 0x0000000100000000)
  region size 1024K, 5 young (5120K), 5 survivors (5120K)
 Metaspace       used 49667K, capacity 51197K, committed 51456K, reserved 1093632K
  class space    used 6340K, capacity 6844K, committed 6912K, reserved 1048576K
}
Event: 4.978 GC heap before
{Heap before GC invocations=16 (full 0):
 garbage-first heap   total 145408K, used 115928K [0x0000000080000000, 0x0000000100000000)
  region size 1024K, 62 young (63488K), 5 survivors (5120K)
 Metaspace       used 49679K, capacity 51198K, committed 51456K, reserved 1093632K
  class space    used 6340K, capacity 6844K, committed 6912K, reserved 1048576K
}
Event: 4.981 GC heap after
{Heap after GC invocations=17 (full 0):
 garbage-first heap   total 145408K, used 59687K [0x0000000080000000, 0x0000000100000000)
  region size 1024K, 5 young (5120K), 5 survivors (5120K)
 Metaspace       used 49679K, capacity 51198K, committed 51456K, reserved 1093632K
  class space    used 6340K, capacity 6844K, committed 6912K, reserved 1048576K
}
Event: 5.068 GC heap before
{Heap before GC invocations=17 (full 0):
 garbage-first heap   total 145408K, used 117031K [0x0000000080000000, 0x0000000100000000)
  region size 1024K, 63 young (64512K), 5 survivors (5120K)
 Metaspace       used 49692K, capacity 51198K, committed 51456K, reserved 1093632K
  class space    used 6340K, capacity 6844K, committed 6912K, reserved 1048576K
}
Event: 5.071 GC heap after
{Heap after GC invocations=18 (full 0):
 garbage-first heap   total 145408K, used 60212K [0x0000000080000000, 0x0000000100000000)
  region size 1024K, 5 young (5120K), 5 survivors (5120K)
 Metaspace       used 49692K, capacity 51198K, committed 51456K, reserved 1093632K
  class space    used 6340K, capacity 6844K, committed 6912K, reserved 1048576K
}
Event: 5.152 GC heap before
{Heap before GC invocations=18 (full 0):
 garbage-first heap   total 145408K, used 118580K [0x0000000080000000, 0x0000000100000000)
  region size 1024K, 63 young (64512K), 5 survivors (5120K)
 Metaspace       used 49700K, capacity 51199K, committed 51456K, reserved 1093632K
  class space    used 6340K, capacity 6844K, committed 6912K, reserved 1048576K
}
Event: 5.157 GC heap after
{Heap after GC invocations=19 (full 0):
 garbage-first heap   total 175104K, used 60020K [0x0000000080000000, 0x0000000100000000)
  region size 1024K, 3 young (3072K), 3 survivors (3072K)
 Metaspace       used 49700K, capacity 51199K, committed 51456K, reserved 1093632K
  class space    used 6340K, capacity 6844K, committed 6912K, reserved 1048576K
}
Event: 5.276 GC heap before
{Heap before GC invocations=19 (full 0):
 garbage-first heap   total 175104K, used 135796K [0x0000000080000000, 0x0000000100000000)
  region size 1024K, 79 young (80896K), 3 survivors (3072K)
 Metaspace       used 49740K, capacity 51200K, committed 51456K, reserved 1093632K
  class space    used 6341K, capacity 6844K, committed 6912K, reserved 1048576K
}
Event: 5.279 GC heap after
{Heap after GC invocations=20 (full 0):
 garbage-first heap   total 175104K, used 60629K [0x0000000080000000, 0x0000000100000000)
  region size 1024K, 3 young (3072K), 3 survivors (3072K)
 Metaspace       used 49740K, capacity 51200K, committed 51456K, reserved 1093632K
  class space    used 6341K, capacity 6844K, committed 6912K, reserved 1048576K
}
Event: 5.387 GC heap before
{Heap before GC invocations=20 (full 0):
 garbage-first heap   total 175104K, used 142549K [0x0000000080000000, 0x0000000100000000)
  region size 1024K, 85 young (87040K), 3 survivors (3072K)
 Metaspace       used 49763K, capacity 51264K, committed 51456K, reserved 1093632K
  class space    used 6343K, capacity 6844K, committed 6912K, reserved 1048576K
}
Event: 5.389 GC heap after
{Heap after GC invocations=21 (full 0):
 garbage-first heap   total 175104K, used 61079K [0x0000000080000000, 0x0000000100000000)
  region size 1024K, 4 young (4096K), 4 survivors (4096K)
 Metaspace       used 49763K, capacity 51264K, committed 51456K, reserved 1093632K
  class space    used 6343K, capacity 6844K, committed 6912K, reserved 1048576K
}
Event: 5.519 GC heap before
{Heap before GC invocations=21 (full 0):
 garbage-first heap   total 175104K, used 144023K [0x0000000080000000, 0x0000000100000000)
  region size 1024K, 87 young (89088K), 4 survivors (4096K)
 Metaspace       used 49769K, capacity 51328K, committed 51456K, reserved 1093632K
  class space    used 6343K, capacity 6844K, committed 6912K, reserved 1048576K
}
Event: 5.521 GC heap after
{Heap after GC invocations=22 (full 0):
 garbage-first heap   total 175104K, used 61135K [0x0000000080000000, 0x0000000100000000)
  region size 1024K, 4 young (4096K), 4 survivors (4096K)
 Metaspace       used 49769K, capacity 51328K, committed 51456K, reserved 1093632K
  class space    used 6343K, capacity 6844K, committed 6912K, reserved 1048576K
}
Event: 5.624 GC heap before
{Heap before GC invocations=22 (full 0):
 garbage-first heap   total 175104K, used 144079K [0x0000000080000000, 0x0000000100000000)
  region size 1024K, 86 young (88064K), 4 survivors (4096K)
 Metaspace       used 49771K, capacity 51328K, committed 51456K, reserved 1093632K
  class space    used 6343K, capacity 6844K, committed 6912K, reserved 1048576K
}
Event: 5.628 GC heap after
{Heap after GC invocations=23 (full 0):
 garbage-first heap   total 175104K, used 62131K [0x0000000080000000, 0x0000000100000000)
  region size 1024K, 5 young (5120K), 5 survivors (5120K)
 Metaspace       used 49771K, capacity 51328K, committed 51456K, reserved 1093632K
  class space    used 6343K, capacity 6844K, committed 6912K, reserved 1048576K
}
Event: 5.728 GC heap before
{Heap before GC invocations=23 (full 0):
 garbage-first heap   total 175104K, used 145075K [0x0000000080000000, 0x0000000100000000)
  region size 1024K, 87 young (89088K), 5 survivors (5120K)
 Metaspace       used 49780K, capacity 51328K, committed 51456K, reserved 1093632K
  class space    used 6343K, capacity 6844K, committed 6912K, reserved 1048576K
}
Event: 5.730 GC heap after
{Heap after GC invocations=24 (full 0):
 garbage-first heap   total 175104K, used 62663K [0x0000000080000000, 0x0000000100000000)
  region size 1024K, 5 young (5120K), 5 survivors (5120K)
 Metaspace       used 49780K, capacity 51328K, committed 51456K, reserved 1093632K
  class space    used 6343K, capacity 6844K, committed 6912K, reserved 1048576K
}
Event: 5.836 GC heap before
{Heap before GC invocations=24 (full 0):
 garbage-first heap   total 175104K, used 146631K [0x0000000080000000, 0x0000000100000000)
  region size 1024K, 88 young (90112K), 5 survivors (5120K)
 Metaspace       used 49798K, capacity 51329K, committed 51456K, reserved 1093632K
  class space    used 6343K, capacity 6844K, committed 6912K, reserved 1048576K
}
Event: 5.839 GC heap after
{Heap after GC invocations=25 (full 0):
 garbage-first heap   total 175104K, used 63353K [0x0000000080000000, 0x0000000100000000)
  region size 1024K, 6 young (6144K), 6 survivors (6144K)
 Metaspace       used 49798K, capacity 51329K, committed 51456K, reserved 1093632K
  class space    used 6343K, capacity 6844K, committed 6912K, reserved 1048576K
}
Event: 5.948 GC heap before
{Heap before GC invocations=25 (full 0):
 garbage-first heap   total 175104K, used 147321K [0x0000000080000000, 0x0000000100000000)
  region size 1024K, 89 young (91136K), 6 survivors (6144K)
 Metaspace       used 49801K, capacity 51329K, committed 51456K, reserved 1093632K
  class space    used 6343K, capacity 6844K, committed 6912K, reserved 1048576K
}

