# JRE version: OpenJDK Runtime Environment (11.0.10) (build 11.0.10+0-b96-7249189)
# Java VM: OpenJDK 64-Bit Server VM (11.0.10+0-b96-7249189, mixed mode, tiered, compressed oops, g1 gc, windows-amd64)
Heap:
 garbage-first heap   total 145408K, used 28874K [0x00000000a2400000, 0x0000000100000000)
  region size 1024K, 6 young (6144K), 6 survivors (6144K)
 Metaspace       used 42842K, capacity 43860K, committed 43980K, reserved 1087488K
  class space    used 5462K, capacity 5823K, committed 5836K, reserved 1048576K
GC Heap History (15 events):
Event: 0.454 GC heap before
{Heap before GC invocations=0 (full 0):
 garbage-first heap   total 120832K, used 29696K [0x00000000a2400000, 0x0000000100000000)
  region size 1024K, 24 young (24576K), 0 survivors (0K)
 Metaspace       used 9795K, capacity 9986K, committed 10112K, reserved 1058816K
  class space    used 1022K, capacity 1102K, committed 1152K, reserved 1048576K
}
Event: 0.460 GC heap after
{Heap after GC invocations=1 (full 0):
 garbage-first heap   total 120832K, used 9000K [0x00000000a2400000, 0x0000000100000000)
  region size 1024K, 3 young (3072K), 3 survivors (3072K)
 Metaspace       used 9795K, capacity 9986K, committed 10112K, reserved 1058816K
  class space    used 1022K, capacity 1102K, committed 1152K, reserved 1048576K
}
Event: 1.650 GC heap before
{Heap before GC invocations=1 (full 0):
 garbage-first heap   total 120832K, used 77608K [0x00000000a2400000, 0x0000000100000000)
  region size 1024K, 70 young (71680K), 3 survivors (3072K)
 Metaspace       used 17376K, capacity 17766K, committed 17792K, reserved 1064960K
  class space    used 2029K, capacity 2172K, committed 2176K, reserved 1048576K
}
Event: 1.656 GC heap after
{Heap after GC invocations=2 (full 0):
 garbage-first heap   total 120832K, used 15662K [0x00000000a2400000, 0x0000000100000000)
  region size 1024K, 9 young (9216K), 9 survivors (9216K)
 Metaspace       used 17376K, capacity 17766K, committed 17792K, reserved 1064960K
  class space    used 2029K, capacity 2172K, committed 2176K, reserved 1048576K
}
Event: 1.898 GC heap before
{Heap before GC invocations=2 (full 0):
 garbage-first heap   total 120832K, used 43310K [0x00000000a2400000, 0x0000000100000000)
  region size 1024K, 37 young (37888K), 9 survivors (9216K)
 Metaspace       used 20603K, capacity 21118K, committed 21248K, reserved 1067008K
  class space    used 2518K, capacity 2720K, committed 2816K, reserved 1048576K
}
Event: 1.904 GC heap after
{Heap after GC invocations=3 (full 0):
 garbage-first heap   total 120832K, used 17288K [0x00000000a2400000, 0x0000000100000000)
  region size 1024K, 2 young (2048K), 2 survivors (2048K)
 Metaspace       used 20603K, capacity 21118K, committed 21248K, reserved 1067008K
  class space    used 2518K, capacity 2720K, committed 2816K, reserved 1048576K
}
Event: 2.318 GC heap before
{Heap before GC invocations=4 (full 0):
 garbage-first heap   total 120832K, used 64392K [0x00000000a2400000, 0x0000000100000000)
  region size 1024K, 48 young (49152K), 2 survivors (2048K)
 Metaspace       used 25422K, capacity 26030K, committed 26112K, reserved 1071104K
  class space    used 3319K, capacity 3533K, committed 3584K, reserved 1048576K
}
Event: 2.321 GC heap after
{Heap after GC invocations=5 (full 0):
 garbage-first heap   total 120832K, used 18673K [0x00000000a2400000, 0x0000000100000000)
  region size 1024K, 3 young (3072K), 3 survivors (3072K)
 Metaspace       used 25422K, capacity 26030K, committed 26112K, reserved 1071104K
  class space    used 3319K, capacity 3533K, committed 3584K, reserved 1048576K
}
Event: 2.862 GC heap before
{Heap before GC invocations=5 (full 0):
 garbage-first heap   total 120832K, used 71921K [0x00000000a2400000, 0x0000000100000000)
  region size 1024K, 55 young (56320K), 3 survivors (3072K)
 Metaspace       used 31505K, capacity 32258K, committed 32384K, reserved 1077248K
  class space    used 4175K, capacity 4439K, committed 4480K, reserved 1048576K
}
Event: 2.866 GC heap after
{Heap after GC invocations=6 (full 0):
 garbage-first heap   total 120832K, used 21021K [0x00000000a2400000, 0x0000000100000000)
  region size 1024K, 5 young (5120K), 5 survivors (5120K)
 Metaspace       used 31505K, capacity 32258K, committed 32384K, reserved 1077248K
  class space    used 4175K, capacity 4439K, committed 4480K, reserved 1048576K
}
Event: 3.030 GC heap before
{Heap before GC invocations=6 (full 0):
 garbage-first heap   total 120832K, used 30237K [0x00000000a2400000, 0x0000000100000000)
  region size 1024K, 15 young (15360K), 5 survivors (5120K)
 Metaspace       used 35044K, capacity 35830K, committed 35840K, reserved 1081344K
  class space    used 4536K, capacity 4864K, committed 4864K, reserved 1048576K
}
Event: 3.037 GC heap after
{Heap after GC invocations=7 (full 0):
 garbage-first heap   total 120832K, used 22585K [0x00000000a2400000, 0x0000000100000000)
  region size 1024K, 6 young (6144K), 6 survivors (6144K)
 Metaspace       used 35044K, capacity 35830K, committed 35840K, reserved 1081344K
  class space    used 4536K, capacity 4864K, committed 4864K, reserved 1048576K
}
Event: 3.435 GC heap before
{Heap before GC invocations=8 (full 0):
 garbage-first heap   total 120832K, used 70713K [0x00000000a2400000, 0x0000000100000000)
  region size 1024K, 51 young (52224K), 6 survivors (6144K)
 Metaspace       used 38636K, capacity 39567K, committed 39884K, reserved 1083392K
  class space    used 4921K, capacity 5251K, committed 5324K, reserved 1048576K
}
Event: 3.441 GC heap after
{Heap after GC invocations=9 (full 0):
 garbage-first heap   total 120832K, used 26252K [0x00000000a2400000, 0x0000000100000000)
  region size 1024K, 7 young (7168K), 7 survivors (7168K)
 Metaspace       used 38636K, capacity 39567K, committed 39884K, reserved 1083392K
  class space    used 4921K, capacity 5251K, committed 5324K, reserved 1048576K
}
Event: 3.857 GC heap before
{Heap before GC invocations=9 (full 0):
 garbage-first heap   total 120832K, used 74380K [0x00000000a2400000, 0x0000000100000000)
  region size 1024K, 54 young (55296K), 7 survivors (7168K)
 Metaspace       used 42842K, capacity 43860K, committed 43980K, reserved 1087488K
  class space    used 5462K, capacity 5823K, committed 5836K, reserved 1048576K
}

