# JRE version: OpenJDK Runtime Environment (11.0.10) (build 11.0.10+0-b96-7249189)
# Java VM: OpenJDK 64-Bit Server VM (11.0.10+0-b96-7249189, mixed mode, tiered, compressed oops, g1 gc, windows-amd64)
Heap:
 garbage-first heap   total 407552K, used 168886K [0x00000000a2400000, 0x0000000100000000)
  region size 1024K, 39 young (39936K), 24 survivors (24576K)
 Metaspace       used 106910K, capacity 109743K, committed 110080K, reserved 1144832K
  class space    used 13454K, capacity 14499K, committed 14592K, reserved 1048576K
GC Heap History (20 events):
Event: 14.253 GC heap before
{Heap before GC invocations=48 (full 0):
 garbage-first heap   total 407552K, used 345831K [0x00000000a2400000, 0x0000000100000000)
  region size 1024K, 212 young (217088K), 5 survivors (5120K)
 Metaspace       used 105850K, capacity 108545K, committed 108672K, reserved 1142784K
  class space    used 13351K, capacity 14364K, committed 14464K, reserved 1048576K
}
Event: 14.261 GC heap after
{Heap after GC invocations=49 (full 0):
 garbage-first heap   total 407552K, used 135373K [0x00000000a2400000, 0x0000000100000000)
  region size 1024K, 6 young (6144K), 6 survivors (6144K)
 Metaspace       used 105850K, capacity 108545K, committed 108672K, reserved 1142784K
  class space    used 13351K, capacity 14364K, committed 14464K, reserved 1048576K
}
Event: 14.666 GC heap before
{Heap before GC invocations=49 (full 0):
 garbage-first heap   total 407552K, used 346317K [0x00000000a2400000, 0x0000000100000000)
  region size 1024K, 213 young (218112K), 6 survivors (6144K)
 Metaspace       used 105942K, capacity 108626K, committed 108928K, reserved 1144832K
  class space    used 13357K, capacity 14367K, committed 14464K, reserved 1048576K
}
Event: 14.678 GC heap after
{Heap after GC invocations=50 (full 0):
 garbage-first heap   total 407552K, used 142609K [0x00000000a2400000, 0x0000000100000000)
  region size 1024K, 13 young (13312K), 13 survivors (13312K)
 Metaspace       used 105942K, capacity 108626K, committed 108928K, reserved 1144832K
  class space    used 13357K, capacity 14367K, committed 14464K, reserved 1048576K
}
Event: 14.891 GC heap before
{Heap before GC invocations=50 (full 0):
 garbage-first heap   total 407552K, used 347409K [0x00000000a2400000, 0x0000000100000000)
  region size 1024K, 213 young (218112K), 13 survivors (13312K)
 Metaspace       used 106004K, capacity 108703K, committed 108928K, reserved 1144832K
  class space    used 13362K, capacity 14371K, committed 14464K, reserved 1048576K
}
Event: 14.901 GC heap after
{Heap after GC invocations=51 (full 0):
 garbage-first heap   total 407552K, used 142634K [0x00000000a2400000, 0x0000000100000000)
  region size 1024K, 13 young (13312K), 13 survivors (13312K)
 Metaspace       used 106004K, capacity 108703K, committed 108928K, reserved 1144832K
  class space    used 13362K, capacity 14371K, committed 14464K, reserved 1048576K
}
Event: 15.074 GC heap before
{Heap before GC invocations=51 (full 0):
 garbage-first heap   total 407552K, used 350506K [0x00000000a2400000, 0x0000000100000000)
  region size 1024K, 216 young (221184K), 13 survivors (13312K)
 Metaspace       used 106016K, capacity 108704K, committed 108928K, reserved 1144832K
  class space    used 13362K, capacity 14371K, committed 14464K, reserved 1048576K
}
Event: 15.083 GC heap after
{Heap after GC invocations=52 (full 0):
 garbage-first heap   total 407552K, used 142693K [0x00000000a2400000, 0x0000000100000000)
  region size 1024K, 13 young (13312K), 13 survivors (13312K)
 Metaspace       used 106016K, capacity 108704K, committed 108928K, reserved 1144832K
  class space    used 13362K, capacity 14371K, committed 14464K, reserved 1048576K
}
Event: 15.298 GC heap before
{Heap before GC invocations=52 (full 0):
 garbage-first heap   total 407552K, used 352613K [0x00000000a2400000, 0x0000000100000000)
  region size 1024K, 218 young (223232K), 13 survivors (13312K)
 Metaspace       used 106026K, capacity 108705K, committed 108928K, reserved 1144832K
  class space    used 13362K, capacity 14371K, committed 14464K, reserved 1048576K
}
Event: 15.309 GC heap after
{Heap after GC invocations=53 (full 0):
 garbage-first heap   total 407552K, used 143153K [0x00000000a2400000, 0x0000000100000000)
  region size 1024K, 13 young (13312K), 13 survivors (13312K)
 Metaspace       used 106026K, capacity 108705K, committed 108928K, reserved 1144832K
  class space    used 13362K, capacity 14371K, committed 14464K, reserved 1048576K
}
Event: 15.536 GC heap before
{Heap before GC invocations=53 (full 0):
 garbage-first heap   total 407552K, used 353073K [0x00000000a2400000, 0x0000000100000000)
  region size 1024K, 218 young (223232K), 13 survivors (13312K)
 Metaspace       used 106034K, capacity 108706K, committed 108928K, reserved 1144832K
  class space    used 13362K, capacity 14371K, committed 14464K, reserved 1048576K
}
Event: 15.545 GC heap after
{Heap after GC invocations=54 (full 0):
 garbage-first heap   total 407552K, used 143762K [0x00000000a2400000, 0x0000000100000000)
  region size 1024K, 14 young (14336K), 14 survivors (14336K)
 Metaspace       used 106034K, capacity 108706K, committed 108928K, reserved 1144832K
  class space    used 13362K, capacity 14371K, committed 14464K, reserved 1048576K
}
Event: 15.782 GC heap before
{Heap before GC invocations=54 (full 0):
 garbage-first heap   total 407552K, used 351634K [0x00000000a2400000, 0x0000000100000000)
  region size 1024K, 217 young (222208K), 14 survivors (14336K)
 Metaspace       used 106309K, capacity 109039K, committed 109184K, reserved 1144832K
  class space    used 13403K, capacity 14417K, committed 14464K, reserved 1048576K
}
Event: 15.792 GC heap after
{Heap after GC invocations=55 (full 0):
 garbage-first heap   total 407552K, used 144135K [0x00000000a2400000, 0x0000000100000000)
  region size 1024K, 14 young (14336K), 14 survivors (14336K)
 Metaspace       used 106309K, capacity 109039K, committed 109184K, reserved 1144832K
  class space    used 13403K, capacity 14417K, committed 14464K, reserved 1048576K
}
Event: 16.011 GC heap before
{Heap before GC invocations=55 (full 0):
 garbage-first heap   total 407552K, used 350983K [0x00000000a2400000, 0x0000000100000000)
  region size 1024K, 217 young (222208K), 14 survivors (14336K)
 Metaspace       used 106312K, capacity 109039K, committed 109184K, reserved 1144832K
  class space    used 13403K, capacity 14417K, committed 14464K, reserved 1048576K
}
Event: 16.022 GC heap after
{Heap after GC invocations=56 (full 0):
 garbage-first heap   total 407552K, used 145620K [0x00000000a2400000, 0x0000000100000000)
  region size 1024K, 16 young (16384K), 16 survivors (16384K)
 Metaspace       used 106312K, capacity 109039K, committed 109184K, reserved 1144832K
  class space    used 13403K, capacity 14417K, committed 14464K, reserved 1048576K
}
Event: 16.268 GC heap before
{Heap before GC invocations=56 (full 0):
 garbage-first heap   total 407552K, used 349396K [0x00000000a2400000, 0x0000000100000000)
  region size 1024K, 215 young (220160K), 16 survivors (16384K)
 Metaspace       used 106587K, capacity 109412K, committed 109568K, reserved 1144832K
  class space    used 13454K, capacity 14499K, committed 14592K, reserved 1048576K
}
Event: 16.278 GC heap after
{Heap after GC invocations=57 (full 0):
 garbage-first heap   total 407552K, used 144841K [0x00000000a2400000, 0x0000000100000000)
  region size 1024K, 15 young (15360K), 15 survivors (15360K)
 Metaspace       used 106587K, capacity 109412K, committed 109568K, reserved 1144832K
  class space    used 13454K, capacity 14499K, committed 14592K, reserved 1048576K
}
Event: 16.529 GC heap before
{Heap before GC invocations=57 (full 0):
 garbage-first heap   total 407552K, used 350665K [0x00000000a2400000, 0x0000000100000000)
  region size 1024K, 215 young (220160K), 15 survivors (15360K)
 Metaspace       used 106769K, capacity 109581K, committed 109824K, reserved 1144832K
  class space    used 13454K, capacity 14499K, committed 14592K, reserved 1048576K
}
Event: 16.541 GC heap after
{Heap after GC invocations=58 (full 0):
 garbage-first heap   total 407552K, used 144242K [0x00000000a2400000, 0x0000000100000000)
  region size 1024K, 14 young (14336K), 14 survivors (14336K)
 Metaspace       used 106769K, capacity 109581K, committed 109824K, reserved 1144832K
  class space    used 13454K, capacity 14499K, committed 14592K, reserved 1048576K
}

