# JRE version: OpenJDK Runtime Environment (11.0.10) (build 11.0.10+0-b96-7249189)
# Java VM: OpenJDK 64-Bit Server VM (11.0.10+0-b96-7249189, mixed mode, tiered, compressed oops, g1 gc, windows-amd64)
Heap:
 garbage-first heap   total 175104K, used 114993K [0x00000000a2400000, 0x0000000100000000)
  region size 1024K, 59 young (60416K), 10 survivors (10240K)
 Metaspace       used 82924K, capacity 85157K, committed 85376K, reserved 1122304K
  class space    used 10748K, capacity 11541K, committed 11648K, reserved 1048576K
GC Heap History (20 events):
Event: 2.493 GC heap before
{Heap before GC invocations=6 (full 0):
 garbage-first heap   total 120832K, used 31033K [0x00000000a2400000, 0x0000000100000000)
  region size 1024K, 16 young (16384K), 5 survivors (5120K)
 Metaspace       used 34996K, capacity 35798K, committed 35840K, reserved 1081344K
  class space    used 4537K, capacity 4832K, committed 4864K, reserved 1048576K
}
Event: 2.500 GC heap after
{Heap after GC invocations=7 (full 0):
 garbage-first heap   total 120832K, used 22505K [0x00000000a2400000, 0x0000000100000000)
  region size 1024K, 6 young (6144K), 6 survivors (6144K)
 Metaspace       used 34996K, capacity 35798K, committed 35840K, reserved 1081344K
  class space    used 4537K, capacity 4832K, committed 4864K, reserved 1048576K
}
Event: 2.878 GC heap before
{Heap before GC invocations=8 (full 0):
 garbage-first heap   total 120832K, used 72681K [0x00000000a2400000, 0x0000000100000000)
  region size 1024K, 53 young (54272K), 6 survivors (6144K)
 Metaspace       used 38586K, capacity 39502K, committed 39680K, reserved 1083392K
  class space    used 4922K, capacity 5251K, committed 5376K, reserved 1048576K
}
Event: 2.886 GC heap after
{Heap after GC invocations=9 (full 0):
 garbage-first heap   total 145408K, used 26260K [0x00000000a2400000, 0x0000000100000000)
  region size 1024K, 7 young (7168K), 7 survivors (7168K)
 Metaspace       used 38586K, capacity 39502K, committed 39680K, reserved 1083392K
  class space    used 4922K, capacity 5251K, committed 5376K, reserved 1048576K
}
Event: 3.406 GC heap before
{Heap before GC invocations=9 (full 0):
 garbage-first heap   total 145408K, used 87700K [0x00000000a2400000, 0x0000000100000000)
  region size 1024K, 66 young (67584K), 7 survivors (7168K)
 Metaspace       used 43773K, capacity 44906K, committed 44928K, reserved 1087488K
  class space    used 5621K, capacity 6003K, committed 6016K, reserved 1048576K
}
Event: 3.418 GC heap after
{Heap after GC invocations=10 (full 0):
 garbage-first heap   total 145408K, used 29194K [0x00000000a2400000, 0x0000000100000000)
  region size 1024K, 7 young (7168K), 7 survivors (7168K)
 Metaspace       used 43773K, capacity 44906K, committed 44928K, reserved 1087488K
  class space    used 5621K, capacity 6003K, committed 6016K, reserved 1048576K
}
Event: 3.968 GC heap before
{Heap before GC invocations=10 (full 0):
 garbage-first heap   total 145408K, used 95754K [0x00000000a2400000, 0x0000000100000000)
  region size 1024K, 68 young (69632K), 7 survivors (7168K)
 Metaspace       used 47288K, capacity 48575K, committed 48768K, reserved 1091584K
  class space    used 6062K, capacity 6515K, committed 6528K, reserved 1048576K
}
Event: 3.975 GC heap after
{Heap after GC invocations=11 (full 0):
 garbage-first heap   total 145408K, used 40441K [0x00000000a2400000, 0x0000000100000000)
  region size 1024K, 9 young (9216K), 9 survivors (9216K)
 Metaspace       used 47288K, capacity 48575K, committed 48768K, reserved 1091584K
  class space    used 6062K, capacity 6515K, committed 6528K, reserved 1048576K
}
Event: 4.526 GC heap before
{Heap before GC invocations=11 (full 0):
 garbage-first heap   total 145408K, used 98809K [0x00000000a2400000, 0x0000000100000000)
  region size 1024K, 66 young (67584K), 9 survivors (9216K)
 Metaspace       used 55405K, capacity 56753K, committed 56960K, reserved 1099776K
  class space    used 7026K, capacity 7527K, committed 7552K, reserved 1048576K
}
Event: 4.534 GC heap after
{Heap after GC invocations=12 (full 0):
 garbage-first heap   total 145408K, used 43695K [0x00000000a2400000, 0x0000000100000000)
  region size 1024K, 3 young (3072K), 3 survivors (3072K)
 Metaspace       used 55405K, capacity 56753K, committed 56960K, reserved 1099776K
  class space    used 7026K, capacity 7527K, committed 7552K, reserved 1048576K
}
Event: 4.771 GC heap before
{Heap before GC invocations=12 (full 0):
 garbage-first heap   total 145408K, used 62127K [0x00000000a2400000, 0x0000000100000000)
  region size 1024K, 22 young (22528K), 3 survivors (3072K)
 Metaspace       used 58524K, capacity 59998K, committed 60160K, reserved 1101824K
  class space    used 7407K, capacity 7943K, committed 8064K, reserved 1048576K
}
Event: 4.777 GC heap after
{Heap after GC invocations=13 (full 0):
 garbage-first heap   total 175104K, used 44350K [0x00000000a2400000, 0x0000000100000000)
  region size 1024K, 4 young (4096K), 4 survivors (4096K)
 Metaspace       used 58524K, capacity 59998K, committed 60160K, reserved 1101824K
  class space    used 7407K, capacity 7943K, committed 8064K, reserved 1048576K
}
Event: 5.399 GC heap before
{Heap before GC invocations=14 (full 0):
 garbage-first heap   total 175104K, used 111934K [0x00000000a2400000, 0x0000000100000000)
  region size 1024K, 70 young (71680K), 4 survivors (4096K)
 Metaspace       used 64122K, capacity 65591K, committed 65792K, reserved 1105920K
  class space    used 8123K, capacity 8662K, committed 8704K, reserved 1048576K
}
Event: 5.405 GC heap after
{Heap after GC invocations=15 (full 0):
 garbage-first heap   total 175104K, used 49863K [0x00000000a2400000, 0x0000000100000000)
  region size 1024K, 9 young (9216K), 9 survivors (9216K)
 Metaspace       used 64122K, capacity 65591K, committed 65792K, reserved 1105920K
  class space    used 8123K, capacity 8662K, committed 8704K, reserved 1048576K
}
Event: 6.132 GC heap before
{Heap before GC invocations=15 (full 0):
 garbage-first heap   total 175104K, used 117447K [0x00000000a2400000, 0x0000000100000000)
  region size 1024K, 75 young (76800K), 9 survivors (9216K)
 Metaspace       used 70631K, capacity 72241K, committed 72448K, reserved 1112064K
  class space    used 9116K, capacity 9715K, committed 9728K, reserved 1048576K
}
Event: 6.142 GC heap after
{Heap after GC invocations=16 (full 0):
 garbage-first heap   total 175104K, used 54719K [0x00000000a2400000, 0x0000000100000000)
  region size 1024K, 5 young (5120K), 5 survivors (5120K)
 Metaspace       used 70631K, capacity 72241K, committed 72448K, reserved 1112064K
  class space    used 9116K, capacity 9715K, committed 9728K, reserved 1048576K
}
Event: 6.831 GC heap before
{Heap before GC invocations=16 (full 0):
 garbage-first heap   total 175104K, used 121279K [0x00000000a2400000, 0x0000000100000000)
  region size 1024K, 71 young (72704K), 5 survivors (5120K)
 Metaspace       used 77641K, capacity 79503K, committed 79616K, reserved 1118208K
  class space    used 10057K, capacity 10706K, committed 10752K, reserved 1048576K
}
Event: 6.838 GC heap after
{Heap after GC invocations=17 (full 0):
 garbage-first heap   total 175104K, used 58877K [0x00000000a2400000, 0x0000000100000000)
  region size 1024K, 9 young (9216K), 9 survivors (9216K)
 Metaspace       used 77641K, capacity 79503K, committed 79616K, reserved 1118208K
  class space    used 10057K, capacity 10706K, committed 10752K, reserved 1048576K
}
Event: 7.449 GC heap before
{Heap before GC invocations=17 (full 0):
 garbage-first heap   total 175104K, used 125437K [0x00000000a2400000, 0x0000000100000000)
  region size 1024K, 75 young (76800K), 9 survivors (9216K)
 Metaspace       used 81384K, capacity 83516K, committed 83584K, reserved 1122304K
  class space    used 10560K, capacity 11337K, committed 11392K, reserved 1048576K
}
Event: 7.463 GC heap after
{Heap after GC invocations=18 (full 0):
 garbage-first heap   total 175104K, used 64817K [0x00000000a2400000, 0x0000000100000000)
  region size 1024K, 10 young (10240K), 10 survivors (10240K)
 Metaspace       used 81384K, capacity 83516K, committed 83584K, reserved 1122304K
  class space    used 10560K, capacity 11337K, committed 11392K, reserved 1048576K
}

