# JRE version: OpenJDK Runtime Environment (11.0.10) (build 11.0.10+0-b96-7249189)
# Java VM: OpenJDK 64-Bit Server VM (11.0.10+0-b96-7249189, mixed mode, tiered, compressed oops, g1 gc, windows-amd64)
Heap:
 garbage-first heap   total 145408K, used 83902K [0x00000000a2400000, 0x0000000100000000)
  region size 1024K, 4 young (4096K), 4 survivors (4096K)
 Metaspace       used 83022K, capacity 85092K, committed 85324K, reserved 1122304K
  class space    used 10686K, capacity 11446K, committed 11596K, reserved 1048576K
GC Heap History (20 events):
Event: 7.760 GC heap after
{Heap after GC invocations=14 (full 0):
 garbage-first heap   total 120832K, used 44384K [0x00000000a2400000, 0x0000000100000000)
  region size 1024K, 3 young (3072K), 3 survivors (3072K)
 Metaspace       used 58620K, capacity 60130K, committed 60236K, reserved 1101824K
  class space    used 7408K, capacity 7965K, committed 8012K, reserved 1048576K
}
Event: 8.243 GC heap before
{Heap before GC invocations=15 (full 0):
 garbage-first heap   total 120832K, used 84320K [0x00000000a2400000, 0x0000000100000000)
  region size 1024K, 43 young (44032K), 3 survivors (3072K)
 Metaspace       used 62547K, capacity 63985K, committed 64332K, reserved 1105920K
  class space    used 7880K, capacity 8389K, committed 8524K, reserved 1048576K
}
Event: 8.248 GC heap after
{Heap after GC invocations=16 (full 0):
 garbage-first heap   total 120832K, used 48015K [0x00000000a2400000, 0x0000000100000000)
  region size 1024K, 6 young (6144K), 6 survivors (6144K)
 Metaspace       used 62547K, capacity 63985K, committed 64332K, reserved 1105920K
  class space    used 7880K, capacity 8389K, committed 8524K, reserved 1048576K
}
Event: 8.768 GC heap before
{Heap before GC invocations=16 (full 0):
 garbage-first heap   total 120832K, used 88975K [0x00000000a2400000, 0x0000000100000000)
  region size 1024K, 45 young (46080K), 6 survivors (6144K)
 Metaspace       used 64508K, capacity 66115K, committed 66380K, reserved 1107968K
  class space    used 8152K, capacity 8730K, committed 8780K, reserved 1048576K
}
Event: 8.775 GC heap after
{Heap after GC invocations=17 (full 0):
 garbage-first heap   total 120832K, used 51833K [0x00000000a2400000, 0x0000000100000000)
  region size 1024K, 4 young (4096K), 4 survivors (4096K)
 Metaspace       used 64508K, capacity 66115K, committed 66380K, reserved 1107968K
  class space    used 8152K, capacity 8730K, committed 8780K, reserved 1048576K
}
Event: 9.496 GC heap before
{Heap before GC invocations=17 (full 0):
 garbage-first heap   total 120832K, used 90745K [0x00000000a2400000, 0x0000000100000000)
  region size 1024K, 42 young (43008K), 4 survivors (4096K)
 Metaspace       used 69501K, capacity 71103K, committed 71372K, reserved 1112064K
  class space    used 8941K, capacity 9555K, committed 9676K, reserved 1048576K
}
Event: 9.501 GC heap after
{Heap after GC invocations=18 (full 0):
 garbage-first heap   total 120832K, used 53858K [0x00000000a2400000, 0x0000000100000000)
  region size 1024K, 3 young (3072K), 3 survivors (3072K)
 Metaspace       used 69501K, capacity 71103K, committed 71372K, reserved 1112064K
  class space    used 8941K, capacity 9555K, committed 9676K, reserved 1048576K
}
Event: 10.127 GC heap before
{Heap before GC invocations=18 (full 0):
 garbage-first heap   total 120832K, used 92770K [0x00000000a2400000, 0x0000000100000000)
  region size 1024K, 41 young (41984K), 3 survivors (3072K)
 Metaspace       used 73367K, capacity 75141K, committed 75212K, reserved 1114112K
  class space    used 9535K, capacity 10163K, committed 10188K, reserved 1048576K
}
Event: 10.132 GC heap after
{Heap after GC invocations=19 (full 0):
 garbage-first heap   total 120832K, used 55879K [0x00000000a2400000, 0x0000000100000000)
  region size 1024K, 5 young (5120K), 5 survivors (5120K)
 Metaspace       used 73367K, capacity 75141K, committed 75212K, reserved 1114112K
  class space    used 9535K, capacity 10163K, committed 10188K, reserved 1048576K
}
Event: 11.019 GC heap before
{Heap before GC invocations=19 (full 0):
 garbage-first heap   total 120832K, used 94791K [0x00000000a2400000, 0x0000000100000000)
  region size 1024K, 43 young (44032K), 5 survivors (5120K)
 Metaspace       used 77331K, capacity 79197K, committed 79308K, reserved 1118208K
  class space    used 10012K, capacity 10667K, committed 10700K, reserved 1048576K
}
Event: 11.026 GC heap after
{Heap after GC invocations=20 (full 0):
 garbage-first heap   total 120832K, used 58896K [0x00000000a2400000, 0x0000000100000000)
  region size 1024K, 6 young (6144K), 6 survivors (6144K)
 Metaspace       used 77331K, capacity 79197K, committed 79308K, reserved 1118208K
  class space    used 10012K, capacity 10667K, committed 10700K, reserved 1048576K
}
Event: 11.727 GC heap before
{Heap before GC invocations=20 (full 0):
 garbage-first heap   total 120832K, used 95760K [0x00000000a2400000, 0x0000000100000000)
  region size 1024K, 42 young (43008K), 6 survivors (6144K)
 Metaspace       used 80943K, capacity 82942K, committed 83148K, reserved 1122304K
  class space    used 10470K, capacity 11190K, committed 11212K, reserved 1048576K
}
Event: 11.737 GC heap after
{Heap after GC invocations=21 (full 0):
 garbage-first heap   total 120832K, used 62910K [0x00000000a2400000, 0x0000000100000000)
  region size 1024K, 6 young (6144K), 6 survivors (6144K)
 Metaspace       used 80943K, capacity 82942K, committed 83148K, reserved 1122304K
  class space    used 10470K, capacity 11190K, committed 11212K, reserved 1048576K
}
Event: 12.276 GC heap before
{Heap before GC invocations=21 (full 0):
 garbage-first heap   total 120832K, used 96702K [0x00000000a2400000, 0x0000000100000000)
  region size 1024K, 40 young (40960K), 6 survivors (6144K)
 Metaspace       used 81442K, capacity 83446K, committed 83788K, reserved 1122304K
  class space    used 10511K, capacity 11241K, committed 11340K, reserved 1048576K
}
Event: 12.285 GC heap after
{Heap after GC invocations=22 (full 0):
 garbage-first heap   total 120832K, used 65492K [0x00000000a2400000, 0x0000000100000000)
  region size 1024K, 3 young (3072K), 3 survivors (3072K)
 Metaspace       used 81442K, capacity 83446K, committed 83788K, reserved 1122304K
  class space    used 10511K, capacity 11241K, committed 11340K, reserved 1048576K
}
Event: 12.549 GC heap before
{Heap before GC invocations=23 (full 0):
 garbage-first heap   total 120832K, used 80852K [0x00000000a2400000, 0x0000000100000000)
  region size 1024K, 19 young (19456K), 3 survivors (3072K)
 Metaspace       used 81991K, capacity 84135K, committed 84428K, reserved 1122304K
  class space    used 10595K, capacity 11340K, committed 11468K, reserved 1048576K
}
Event: 12.555 GC heap after
{Heap after GC invocations=24 (full 0):
 garbage-first heap   total 120832K, used 66113K [0x00000000a2400000, 0x0000000100000000)
  region size 1024K, 4 young (4096K), 4 survivors (4096K)
 Metaspace       used 81991K, capacity 84135K, committed 84428K, reserved 1122304K
  class space    used 10595K, capacity 11340K, committed 11468K, reserved 1048576K
}
Event: 12.999 GC heap before
{Heap before GC invocations=25 (full 0):
 garbage-first heap   total 120832K, used 98881K [0x00000000a2400000, 0x0000000100000000)
  region size 1024K, 34 young (34816K), 4 survivors (4096K)
 Metaspace       used 82906K, capacity 84993K, committed 85196K, reserved 1122304K
  class space    used 10679K, capacity 11413K, committed 11468K, reserved 1048576K
}
Event: 13.010 GC heap after
{Heap after GC invocations=26 (full 0):
 garbage-first heap   total 120832K, used 77601K [0x00000000a2400000, 0x0000000100000000)
  region size 1024K, 5 young (5120K), 5 survivors (5120K)
 Metaspace       used 82906K, capacity 84993K, committed 85196K, reserved 1122304K
  class space    used 10679K, capacity 11413K, committed 11468K, reserved 1048576K
}
Event: 13.143 GC heap before
{Heap before GC invocations=26 (full 0):
 garbage-first heap   total 120832K, used 83745K [0x00000000a2400000, 0x0000000100000000)
  region size 1024K, 13 young (13312K), 5 survivors (5120K)
 Metaspace       used 83022K, capacity 85092K, committed 85324K, reserved 1122304K
  class space    used 10686K, capacity 11446K, committed 11596K, reserved 1048576K
}

