# JRE version: OpenJDK Runtime Environment (11.0.10) (build 11.0.10+0-b96-7249189)
# Java VM: OpenJDK 64-Bit Server VM (11.0.10+0-b96-7249189, mixed mode, tiered, compressed oops, g1 gc, windows-amd64)
Heap:
 garbage-first heap   total 227328K, used 70094K [0x0000000080000000, 0x0000000100000000)
  region size 1024K, 5 young (5120K), 5 survivors (5120K)
 Metaspace       used 62868K, capacity 64407K, committed 65024K, reserved 1105920K
  class space    used 7935K, capacity 8470K, committed 8704K, reserved 1048576K
GC Heap History (20 events):
Event: 3746.079 GC heap after
{Heap after GC invocations=23 (full 0):
 garbage-first heap   total 145408K, used 67003K [0x0000000080000000, 0x0000000100000000)
  region size 1024K, 5 young (5120K), 5 survivors (5120K)
 Metaspace       used 62804K, capacity 64337K, committed 65024K, reserved 1105920K
  class space    used 7934K, capacity 8470K, committed 8704K, reserved 1048576K
}
Event: 3746.135 GC heap before
{Heap before GC invocations=23 (full 0):
 garbage-first heap   total 145408K, used 121275K [0x0000000080000000, 0x0000000100000000)
  region size 1024K, 59 young (60416K), 5 survivors (5120K)
 Metaspace       used 62809K, capacity 64401K, committed 65024K, reserved 1105920K
  class space    used 7934K, capacity 8470K, committed 8704K, reserved 1048576K
}
Event: 3746.139 GC heap after
{Heap after GC invocations=24 (full 0):
 garbage-first heap   total 145408K, used 66931K [0x0000000080000000, 0x0000000100000000)
  region size 1024K, 5 young (5120K), 5 survivors (5120K)
 Metaspace       used 62809K, capacity 64401K, committed 65024K, reserved 1105920K
  class space    used 7934K, capacity 8470K, committed 8704K, reserved 1048576K
}
Event: 3746.210 GC heap before
{Heap before GC invocations=24 (full 0):
 garbage-first heap   total 145408K, used 122227K [0x0000000080000000, 0x0000000100000000)
  region size 1024K, 60 young (61440K), 5 survivors (5120K)
 Metaspace       used 62812K, capacity 64401K, committed 65024K, reserved 1105920K
  class space    used 7934K, capacity 8470K, committed 8704K, reserved 1048576K
}
Event: 3746.214 GC heap after
{Heap after GC invocations=25 (full 0):
 garbage-first heap   total 145408K, used 66588K [0x0000000080000000, 0x0000000100000000)
  region size 1024K, 4 young (4096K), 4 survivors (4096K)
 Metaspace       used 62812K, capacity 64401K, committed 65024K, reserved 1105920K
  class space    used 7934K, capacity 8470K, committed 8704K, reserved 1048576K
}
Event: 3746.282 GC heap before
{Heap before GC invocations=25 (full 0):
 garbage-first heap   total 145408K, used 122908K [0x0000000080000000, 0x0000000100000000)
  region size 1024K, 60 young (61440K), 4 survivors (4096K)
 Metaspace       used 62819K, capacity 64401K, committed 65024K, reserved 1105920K
  class space    used 7934K, capacity 8470K, committed 8704K, reserved 1048576K
}
Event: 3746.285 GC heap after
{Heap after GC invocations=26 (full 0):
 garbage-first heap   total 145408K, used 67552K [0x0000000080000000, 0x0000000100000000)
  region size 1024K, 5 young (5120K), 5 survivors (5120K)
 Metaspace       used 62819K, capacity 64401K, committed 65024K, reserved 1105920K
  class space    used 7934K, capacity 8470K, committed 8704K, reserved 1048576K
}
Event: 3746.363 GC heap before
{Heap before GC invocations=26 (full 0):
 garbage-first heap   total 145408K, used 123872K [0x0000000080000000, 0x0000000100000000)
  region size 1024K, 60 young (61440K), 5 survivors (5120K)
 Metaspace       used 62822K, capacity 64401K, committed 65024K, reserved 1105920K
  class space    used 7934K, capacity 8470K, committed 8704K, reserved 1048576K
}
Event: 3746.366 GC heap after
{Heap after GC invocations=27 (full 0):
 garbage-first heap   total 145408K, used 67466K [0x0000000080000000, 0x0000000100000000)
  region size 1024K, 3 young (3072K), 3 survivors (3072K)
 Metaspace       used 62822K, capacity 64401K, committed 65024K, reserved 1105920K
  class space    used 7934K, capacity 8470K, committed 8704K, reserved 1048576K
}
Event: 3746.441 GC heap before
{Heap before GC invocations=27 (full 0):
 garbage-first heap   total 145408K, used 124810K [0x0000000080000000, 0x0000000100000000)
  region size 1024K, 59 young (60416K), 3 survivors (3072K)
 Metaspace       used 62836K, capacity 64403K, committed 65024K, reserved 1105920K
  class space    used 7934K, capacity 8470K, committed 8704K, reserved 1048576K
}
Event: 3746.444 GC heap after
{Heap after GC invocations=28 (full 0):
 garbage-first heap   total 145408K, used 67503K [0x0000000080000000, 0x0000000100000000)
  region size 1024K, 3 young (3072K), 3 survivors (3072K)
 Metaspace       used 62836K, capacity 64403K, committed 65024K, reserved 1105920K
  class space    used 7934K, capacity 8470K, committed 8704K, reserved 1048576K
}
Event: 3746.523 GC heap before
{Heap before GC invocations=28 (full 0):
 garbage-first heap   total 145408K, used 123823K [0x0000000080000000, 0x0000000100000000)
  region size 1024K, 59 young (60416K), 3 survivors (3072K)
 Metaspace       used 62839K, capacity 64403K, committed 65024K, reserved 1105920K
  class space    used 7934K, capacity 8470K, committed 8704K, reserved 1048576K
}
Event: 3746.526 GC heap after
{Heap after GC invocations=29 (full 0):
 garbage-first heap   total 145408K, used 67913K [0x0000000080000000, 0x0000000100000000)
  region size 1024K, 4 young (4096K), 4 survivors (4096K)
 Metaspace       used 62839K, capacity 64403K, committed 65024K, reserved 1105920K
  class space    used 7934K, capacity 8470K, committed 8704K, reserved 1048576K
}
Event: 3746.602 GC heap before
{Heap before GC invocations=29 (full 0):
 garbage-first heap   total 145408K, used 124233K [0x0000000080000000, 0x0000000100000000)
  region size 1024K, 59 young (60416K), 4 survivors (4096K)
 Metaspace       used 62839K, capacity 64403K, committed 65024K, reserved 1105920K
  class space    used 7934K, capacity 8470K, committed 8704K, reserved 1048576K
}
Event: 3746.610 GC heap after
{Heap after GC invocations=30 (full 0):
 garbage-first heap   total 145408K, used 68260K [0x0000000080000000, 0x0000000100000000)
  region size 1024K, 4 young (4096K), 4 survivors (4096K)
 Metaspace       used 62839K, capacity 64403K, committed 65024K, reserved 1105920K
  class space    used 7934K, capacity 8470K, committed 8704K, reserved 1048576K
}
Event: 3746.682 GC heap before
{Heap before GC invocations=30 (full 0):
 garbage-first heap   total 145408K, used 124580K [0x0000000080000000, 0x0000000100000000)
  region size 1024K, 60 young (61440K), 4 survivors (4096K)
 Metaspace       used 62864K, capacity 64405K, committed 65024K, reserved 1105920K
  class space    used 7935K, capacity 8470K, committed 8704K, reserved 1048576K
}
Event: 3746.686 GC heap after
{Heap after GC invocations=31 (full 0):
 garbage-first heap   total 145408K, used 68481K [0x0000000080000000, 0x0000000100000000)
  region size 1024K, 4 young (4096K), 4 survivors (4096K)
 Metaspace       used 62864K, capacity 64405K, committed 65024K, reserved 1105920K
  class space    used 7935K, capacity 8470K, committed 8704K, reserved 1048576K
}
Event: 3746.763 GC heap before
{Heap before GC invocations=31 (full 0):
 garbage-first heap   total 145408K, used 124801K [0x0000000080000000, 0x0000000100000000)
  region size 1024K, 60 young (61440K), 4 survivors (4096K)
 Metaspace       used 62864K, capacity 64405K, committed 65024K, reserved 1105920K
  class space    used 7935K, capacity 8470K, committed 8704K, reserved 1048576K
}
Event: 3746.766 GC heap after
{Heap after GC invocations=32 (full 0):
 garbage-first heap   total 145408K, used 69867K [0x0000000080000000, 0x0000000100000000)
  region size 1024K, 6 young (6144K), 6 survivors (6144K)
 Metaspace       used 62864K, capacity 64405K, committed 65024K, reserved 1105920K
  class space    used 7935K, capacity 8470K, committed 8704K, reserved 1048576K
}
Event: 3746.835 GC heap before
{Heap before GC invocations=32 (full 0):
 garbage-first heap   total 145408K, used 122091K [0x0000000080000000, 0x0000000100000000)
  region size 1024K, 58 young (59392K), 6 survivors (6144K)
 Metaspace       used 62868K, capacity 64407K, committed 65024K, reserved 1105920K
  class space    used 7935K, capacity 8470K, committed 8704K, reserved 1048576K
}

