# JRE version: OpenJDK Runtime Environment (11.0.10) (build 11.0.10+0-b96-7249189)
# Java VM: OpenJDK 64-Bit Server VM (11.0.10+0-b96-7249189, mixed mode, tiered, compressed oops, g1 gc, windows-amd64)
Heap:
 garbage-first heap   total 262144K, used 138488K [0x00000000e0000000, 0x0000000100000000)
  region size 1024K, 87 young (89088K), 9 survivors (9216K)
 Metaspace       used 81028K, capacity 82952K, committed 83020K, reserved 327680K
  class space    used 10387K, capacity 11030K, committed 11084K, reserved 253952K
GC Heap History (18 events):
Event: 0.788 GC heap before
{Heap before GC invocations=0 (full 0):
 garbage-first heap   total 262144K, used 29696K [0x00000000e0000000, 0x0000000100000000)
  region size 1024K, 24 young (24576K), 0 survivors (0K)
 Metaspace       used 9822K, capacity 9990K, committed 10112K, reserved 264192K
  class space    used 1022K, capacity 1102K, committed 1152K, reserved 253952K
}
Event: 0.802 GC heap after
{Heap after GC invocations=1 (full 0):
 garbage-first heap   total 262144K, used 9023K [0x00000000e0000000, 0x0000000100000000)
  region size 1024K, 3 young (3072K), 3 survivors (3072K)
 Metaspace       used 9822K, capacity 9990K, committed 10112K, reserved 264192K
  class space    used 1022K, capacity 1102K, committed 1152K, reserved 253952K
}
Event: 2.838 GC heap before
{Heap before GC invocations=1 (full 0):
 garbage-first heap   total 262144K, used 105279K [0x00000000e0000000, 0x0000000100000000)
  region size 1024K, 98 young (100352K), 3 survivors (3072K)
 Metaspace       used 20623K, capacity 21122K, committed 21248K, reserved 272384K
  class space    used 2522K, capacity 2720K, committed 2816K, reserved 253952K
}
Event: 2.848 GC heap after
{Heap after GC invocations=2 (full 0):
 garbage-first heap   total 262144K, used 16862K [0x00000000e0000000, 0x0000000100000000)
  region size 1024K, 11 young (11264K), 11 survivors (11264K)
 Metaspace       used 20623K, capacity 21122K, committed 21248K, reserved 272384K
  class space    used 2522K, capacity 2720K, committed 2816K, reserved 253952K
}
Event: 3.291 GC heap before
{Heap before GC invocations=3 (full 0):
 garbage-first heap   total 262144K, used 48606K [0x00000000e0000000, 0x0000000100000000)
  region size 1024K, 42 young (43008K), 11 survivors (11264K)
 Metaspace       used 23654K, capacity 24216K, committed 24576K, reserved 276480K
  class space    used 3023K, capacity 3223K, committed 3328K, reserved 253952K
}
Event: 3.302 GC heap after
{Heap after GC invocations=4 (full 0):
 garbage-first heap   total 262144K, used 17786K [0x00000000e0000000, 0x0000000100000000)
  region size 1024K, 2 young (2048K), 2 survivors (2048K)
 Metaspace       used 23654K, capacity 24216K, committed 24576K, reserved 276480K
  class space    used 3023K, capacity 3223K, committed 3328K, reserved 253952K
}
Event: 4.386 GC heap before
{Heap before GC invocations=4 (full 0):
 garbage-first heap   total 262144K, used 95610K [0x00000000e0000000, 0x0000000100000000)
  region size 1024K, 80 young (81920K), 2 survivors (2048K)
 Metaspace       used 35040K, capacity 35834K, committed 35840K, reserved 286720K
  class space    used 4536K, capacity 4864K, committed 4864K, reserved 253952K
}
Event: 4.394 GC heap after
{Heap after GC invocations=5 (full 0):
 garbage-first heap   total 262144K, used 21935K [0x00000000e0000000, 0x0000000100000000)
  region size 1024K, 6 young (6144K), 6 survivors (6144K)
 Metaspace       used 35040K, capacity 35834K, committed 35840K, reserved 286720K
  class space    used 4536K, capacity 4864K, committed 4864K, reserved 253952K
}
Event: 5.334 GC heap before
{Heap before GC invocations=6 (full 0):
 garbage-first heap   total 262144K, used 131503K [0x00000000e0000000, 0x0000000100000000)
  region size 1024K, 109 young (111616K), 6 survivors (6144K)
 Metaspace       used 43615K, capacity 44703K, committed 44876K, reserved 292864K
  class space    used 5576K, capacity 5934K, committed 5964K, reserved 253952K
}
Event: 5.343 GC heap after
{Heap after GC invocations=7 (full 0):
 garbage-first heap   total 262144K, used 28210K [0x00000000e0000000, 0x0000000100000000)
  region size 1024K, 12 young (12288K), 12 survivors (12288K)
 Metaspace       used 43615K, capacity 44703K, committed 44876K, reserved 292864K
  class space    used 5576K, capacity 5934K, committed 5964K, reserved 253952K
}
Event: 6.973 GC heap before
{Heap before GC invocations=7 (full 0):
 garbage-first heap   total 262144K, used 159282K [0x00000000e0000000, 0x0000000100000000)
  region size 1024K, 137 young (140288K), 12 survivors (12288K)
 Metaspace       used 55769K, capacity 57186K, committed 57292K, reserved 305152K
  class space    used 7039K, capacity 7539K, committed 7628K, reserved 253952K
}
Event: 6.989 GC heap after
{Heap after GC invocations=8 (full 0):
 garbage-first heap   total 262144K, used 41927K [0x00000000e0000000, 0x0000000100000000)
  region size 1024K, 16 young (16384K), 16 survivors (16384K)
 Metaspace       used 55769K, capacity 57186K, committed 57292K, reserved 305152K
  class space    used 7039K, capacity 7539K, committed 7628K, reserved 253952K
}
Event: 7.244 GC heap before
{Heap before GC invocations=8 (full 0):
 garbage-first heap   total 262144K, used 60359K [0x00000000e0000000, 0x0000000100000000)
  region size 1024K, 35 young (35840K), 16 survivors (16384K)
 Metaspace       used 58720K, capacity 60145K, committed 60236K, reserved 307200K
  class space    used 7418K, capacity 7925K, committed 8012K, reserved 253952K
}
Event: 7.256 GC heap after
{Heap after GC invocations=9 (full 0):
 garbage-first heap   total 262144K, used 43816K [0x00000000e0000000, 0x0000000100000000)
  region size 1024K, 12 young (12288K), 12 survivors (12288K)
 Metaspace       used 58720K, capacity 60145K, committed 60236K, reserved 307200K
  class space    used 7418K, capacity 7925K, committed 8012K, reserved 253952K
}
Event: 8.470 GC heap before
{Heap before GC invocations=10 (full 0):
 garbage-first heap   total 262144K, used 163624K [0x00000000e0000000, 0x0000000100000000)
  region size 1024K, 129 young (132096K), 12 survivors (12288K)
 Metaspace       used 69606K, capacity 71301K, committed 71628K, reserved 317440K
  class space    used 8964K, capacity 9599K, committed 9676K, reserved 253952K
}
Event: 8.483 GC heap after
{Heap after GC invocations=11 (full 0):
 garbage-first heap   total 262144K, used 52858K [0x00000000e0000000, 0x0000000100000000)
  region size 1024K, 11 young (11264K), 11 survivors (11264K)
 Metaspace       used 69606K, capacity 71301K, committed 71628K, reserved 317440K
  class space    used 8964K, capacity 9599K, committed 9676K, reserved 253952K
}
Event: 10.684 GC heap before
{Heap before GC invocations=11 (full 0):
 garbage-first heap   total 262144K, used 173690K [0x00000000e0000000, 0x0000000100000000)
  region size 1024K, 130 young (133120K), 11 survivors (11264K)
 Metaspace       used 80217K, capacity 82115K, committed 82252K, reserved 325632K
  class space    used 10327K, capacity 10986K, committed 11084K, reserved 253952K
}
Event: 10.696 GC heap after
{Heap after GC invocations=12 (full 0):
 garbage-first heap   total 262144K, used 60664K [0x00000000e0000000, 0x0000000100000000)
  region size 1024K, 9 young (9216K), 9 survivors (9216K)
 Metaspace       used 80217K, capacity 82115K, committed 82252K, reserved 325632K
  class space    used 10327K, capacity 10986K, committed 11084K, reserved 253952K
}

