# JRE version: OpenJDK Runtime Environment (11.0.10) (build 11.0.10+0-b96-7249189)
# Java VM: OpenJDK 64-Bit Server VM (11.0.10+0-b96-7249189, mixed mode, tiered, compressed oops, g1 gc, windows-amd64)
Heap:
 garbage-first heap   total 262144K, used 114370K [0x00000000e0000000, 0x0000000100000000)
  region size 1024K, 94 young (96256K), 6 survivors (6144K)
 Metaspace       used 42427K, capacity 43457K, committed 43724K, reserved 292864K
  class space    used 5391K, capacity 5752K, committed 5836K, reserved 253952K
GC Heap History (10 events):
Event: 0.907 GC heap before
{Heap before GC invocations=0 (full 0):
 garbage-first heap   total 262144K, used 29696K [0x00000000e0000000, 0x0000000100000000)
  region size 1024K, 24 young (24576K), 0 survivors (0K)
 Metaspace       used 9799K, capacity 9990K, committed 10112K, reserved 264192K
  class space    used 1022K, capacity 1102K, committed 1152K, reserved 253952K
}
Event: 0.915 GC heap after
{Heap after GC invocations=1 (full 0):
 garbage-first heap   total 262144K, used 9053K [0x00000000e0000000, 0x0000000100000000)
  region size 1024K, 3 young (3072K), 3 survivors (3072K)
 Metaspace       used 9799K, capacity 9990K, committed 10112K, reserved 264192K
  class space    used 1022K, capacity 1102K, committed 1152K, reserved 253952K
}
Event: 3.041 GC heap before
{Heap before GC invocations=1 (full 0):
 garbage-first heap   total 262144K, used 105309K [0x00000000e0000000, 0x0000000100000000)
  region size 1024K, 98 young (100352K), 3 survivors (3072K)
 Metaspace       used 20606K, capacity 21122K, committed 21248K, reserved 272384K
  class space    used 2519K, capacity 2720K, committed 2816K, reserved 253952K
}
Event: 3.052 GC heap after
{Heap after GC invocations=2 (full 0):
 garbage-first heap   total 262144K, used 17090K [0x00000000e0000000, 0x0000000100000000)
  region size 1024K, 11 young (11264K), 11 survivors (11264K)
 Metaspace       used 20606K, capacity 21122K, committed 21248K, reserved 272384K
  class space    used 2519K, capacity 2720K, committed 2816K, reserved 253952K
}
Event: 3.289 GC heap before
{Heap before GC invocations=3 (full 0):
 garbage-first heap   total 262144K, used 39618K [0x00000000e0000000, 0x0000000100000000)
  region size 1024K, 33 young (33792K), 11 survivors (11264K)
 Metaspace       used 22436K, capacity 22996K, committed 23040K, reserved 274432K
  class space    used 2861K, capacity 3072K, committed 3072K, reserved 253952K
}
Event: 3.296 GC heap after
{Heap after GC invocations=4 (full 0):
 garbage-first heap   total 262144K, used 17634K [0x00000000e0000000, 0x0000000100000000)
  region size 1024K, 1 young (1024K), 1 survivors (1024K)
 Metaspace       used 22436K, capacity 22996K, committed 23040K, reserved 274432K
  class space    used 2861K, capacity 3072K, committed 3072K, reserved 253952K
}
Event: 4.634 GC heap before
{Heap before GC invocations=4 (full 0):
 garbage-first heap   total 262144K, used 91362K [0x00000000e0000000, 0x0000000100000000)
  region size 1024K, 73 young (74752K), 1 survivors (1024K)
 Metaspace       used 30416K, capacity 31130K, committed 31232K, reserved 282624K
  class space    used 4091K, capacity 4338K, committed 4352K, reserved 253952K
}
Event: 4.638 GC heap after
{Heap after GC invocations=5 (full 0):
 garbage-first heap   total 262144K, used 20167K [0x00000000e0000000, 0x0000000100000000)
  region size 1024K, 4 young (4096K), 4 survivors (4096K)
 Metaspace       used 30416K, capacity 31130K, committed 31232K, reserved 282624K
  class space    used 4091K, capacity 4338K, committed 4352K, reserved 253952K
}
Event: 4.986 GC heap before
{Heap before GC invocations=5 (full 0):
 garbage-first heap   total 262144K, used 33479K [0x00000000e0000000, 0x0000000100000000)
  region size 1024K, 18 young (18432K), 4 survivors (4096K)
 Metaspace       used 35031K, capacity 35834K, committed 35840K, reserved 286720K
  class space    used 4541K, capacity 4864K, committed 4864K, reserved 253952K
}
Event: 4.994 GC heap after
{Heap after GC invocations=6 (full 0):
 garbage-first heap   total 262144K, used 22210K [0x00000000e0000000, 0x0000000100000000)
  region size 1024K, 6 young (6144K), 6 survivors (6144K)
 Metaspace       used 35031K, capacity 35834K, committed 35840K, reserved 286720K
  class space    used 4541K, capacity 4864K, committed 4864K, reserved 253952K
}

