# JRE version: OpenJDK Runtime Environment (11.0.10) (build 11.0.10+0-b96-7249189)
# Java VM: OpenJDK 64-Bit Server VM (11.0.10+0-b96-7249189, mixed mode, tiered, compressed oops, g1 gc, windows-amd64)
Heap:
 garbage-first heap   total 399360K, used 145701K [0x00000000a2400000, 0x0000000100000000)
  region size 1024K, 9 young (9216K), 9 survivors (9216K)
 Metaspace       used 107038K, capacity 109752K, committed 109900K, reserved 1144832K
  class space    used 13474K, capacity 14531K, committed 14668K, reserved 1048576K
GC Heap History (20 events):
Event: 14.705 GC heap after
{Heap after GC invocations=55 (full 0):
 garbage-first heap   total 301056K, used 137104K [0x00000000a2400000, 0x0000000100000000)
  region size 1024K, 1 young (1024K), 1 survivors (1024K)
 Metaspace       used 106241K, capacity 108945K, committed 109132K, reserved 1144832K
  class space    used 13452K, capacity 14484K, committed 14668K, reserved 1048576K
}
Event: 14.845 GC heap before
{Heap before GC invocations=55 (full 0):
 garbage-first heap   total 301056K, used 243600K [0x00000000a2400000, 0x0000000100000000)
  region size 1024K, 106 young (108544K), 1 survivors (1024K)
 Metaspace       used 106416K, capacity 109159K, committed 109388K, reserved 1144832K
  class space    used 13452K, capacity 14484K, committed 14668K, reserved 1048576K
}
Event: 14.849 GC heap after
{Heap after GC invocations=56 (full 0):
 garbage-first heap   total 301056K, used 138983K [0x00000000a2400000, 0x0000000100000000)
  region size 1024K, 3 young (3072K), 3 survivors (3072K)
 Metaspace       used 106416K, capacity 109159K, committed 109388K, reserved 1144832K
  class space    used 13452K, capacity 14484K, committed 14668K, reserved 1048576K
}
Event: 14.988 GC heap before
{Heap before GC invocations=56 (full 0):
 garbage-first heap   total 301056K, used 248551K [0x00000000a2400000, 0x0000000100000000)
  region size 1024K, 110 young (112640K), 3 survivors (3072K)
 Metaspace       used 106459K, capacity 109163K, committed 109388K, reserved 1144832K
  class space    used 13452K, capacity 14484K, committed 14668K, reserved 1048576K
}
Event: 14.992 GC heap after
{Heap after GC invocations=57 (full 0):
 garbage-first heap   total 301056K, used 139793K [0x00000000a2400000, 0x0000000100000000)
  region size 1024K, 4 young (4096K), 4 survivors (4096K)
 Metaspace       used 106459K, capacity 109163K, committed 109388K, reserved 1144832K
  class space    used 13452K, capacity 14484K, committed 14668K, reserved 1048576K
}
Event: 15.103 GC heap before
{Heap before GC invocations=57 (full 0):
 garbage-first heap   total 301056K, used 250385K [0x00000000a2400000, 0x0000000100000000)
  region size 1024K, 112 young (114688K), 4 survivors (4096K)
 Metaspace       used 106601K, capacity 109326K, committed 109644K, reserved 1144832K
  class space    used 13456K, capacity 14491K, committed 14668K, reserved 1048576K
}
Event: 15.108 GC heap after
{Heap after GC invocations=58 (full 0):
 garbage-first heap   total 351232K, used 139852K [0x00000000a2400000, 0x0000000100000000)
  region size 1024K, 4 young (4096K), 4 survivors (4096K)
 Metaspace       used 106601K, capacity 109326K, committed 109644K, reserved 1144832K
  class space    used 13456K, capacity 14491K, committed 14668K, reserved 1048576K
}
Event: 15.306 GC heap before
{Heap before GC invocations=58 (full 0):
 garbage-first heap   total 351232K, used 293452K [0x00000000a2400000, 0x0000000100000000)
  region size 1024K, 154 young (157696K), 4 survivors (4096K)
 Metaspace       used 106663K, capacity 109399K, committed 109644K, reserved 1144832K
  class space    used 13459K, capacity 14492K, committed 14668K, reserved 1048576K
}
Event: 15.310 GC heap after
{Heap after GC invocations=59 (full 0):
 garbage-first heap   total 351232K, used 139285K [0x00000000a2400000, 0x0000000100000000)
  region size 1024K, 3 young (3072K), 3 survivors (3072K)
 Metaspace       used 106663K, capacity 109399K, committed 109644K, reserved 1144832K
  class space    used 13459K, capacity 14492K, committed 14668K, reserved 1048576K
}
Event: 15.491 GC heap before
{Heap before GC invocations=59 (full 0):
 garbage-first heap   total 351232K, used 302101K [0x00000000a2400000, 0x0000000100000000)
  region size 1024K, 162 young (165888K), 3 survivors (3072K)
 Metaspace       used 106692K, capacity 109402K, committed 109644K, reserved 1144832K
  class space    used 13466K, capacity 14493K, committed 14668K, reserved 1048576K
}
Event: 15.495 GC heap after
{Heap after GC invocations=60 (full 0):
 garbage-first heap   total 351232K, used 140388K [0x00000000a2400000, 0x0000000100000000)
  region size 1024K, 4 young (4096K), 4 survivors (4096K)
 Metaspace       used 106692K, capacity 109402K, committed 109644K, reserved 1144832K
  class space    used 13466K, capacity 14493K, committed 14668K, reserved 1048576K
}
Event: 15.720 GC heap before
{Heap before GC invocations=60 (full 0):
 garbage-first heap   total 351232K, used 303204K [0x00000000a2400000, 0x0000000100000000)
  region size 1024K, 162 young (165888K), 4 survivors (4096K)
 Metaspace       used 106888K, capacity 109569K, committed 109900K, reserved 1144832K
  class space    used 13469K, capacity 14494K, committed 14668K, reserved 1048576K
}
Event: 15.726 GC heap after
{Heap after GC invocations=61 (full 0):
 garbage-first heap   total 351232K, used 143228K [0x00000000a2400000, 0x0000000100000000)
  region size 1024K, 7 young (7168K), 7 survivors (7168K)
 Metaspace       used 106888K, capacity 109569K, committed 109900K, reserved 1144832K
  class space    used 13469K, capacity 14494K, committed 14668K, reserved 1048576K
}
Event: 15.906 GC heap before
{Heap before GC invocations=61 (full 0):
 garbage-first heap   total 351232K, used 302972K [0x00000000a2400000, 0x0000000100000000)
  region size 1024K, 163 young (166912K), 7 survivors (7168K)
 Metaspace       used 106948K, capacity 109637K, committed 109900K, reserved 1144832K
  class space    used 13471K, capacity 14495K, committed 14668K, reserved 1048576K
}
Event: 15.914 GC heap after
{Heap after GC invocations=62 (full 0):
 garbage-first heap   total 351232K, used 144213K [0x00000000a2400000, 0x0000000100000000)
  region size 1024K, 8 young (8192K), 8 survivors (8192K)
 Metaspace       used 106948K, capacity 109637K, committed 109900K, reserved 1144832K
  class space    used 13471K, capacity 14495K, committed 14668K, reserved 1048576K
}
Event: 16.080 GC heap before
{Heap before GC invocations=62 (full 0):
 garbage-first heap   total 351232K, used 302933K [0x00000000a2400000, 0x0000000100000000)
  region size 1024K, 163 young (166912K), 8 survivors (8192K)
 Metaspace       used 106983K, capacity 109641K, committed 109900K, reserved 1144832K
  class space    used 13471K, capacity 14495K, committed 14668K, reserved 1048576K
}
Event: 16.088 GC heap after
{Heap after GC invocations=63 (full 0):
 garbage-first heap   total 351232K, used 144499K [0x00000000a2400000, 0x0000000100000000)
  region size 1024K, 8 young (8192K), 8 survivors (8192K)
 Metaspace       used 106983K, capacity 109641K, committed 109900K, reserved 1144832K
  class space    used 13471K, capacity 14495K, committed 14668K, reserved 1048576K
}
Event: 16.239 GC heap before
{Heap before GC invocations=63 (full 0):
 garbage-first heap   total 351232K, used 303219K [0x00000000a2400000, 0x0000000100000000)
  region size 1024K, 164 young (167936K), 8 survivors (8192K)
 Metaspace       used 107022K, capacity 109740K, committed 109900K, reserved 1144832K
  class space    used 13472K, capacity 14527K, committed 14668K, reserved 1048576K
}
Event: 16.248 GC heap after
{Heap after GC invocations=64 (full 0):
 garbage-first heap   total 351232K, used 146069K [0x00000000a2400000, 0x0000000100000000)
  region size 1024K, 10 young (10240K), 10 survivors (10240K)
 Metaspace       used 107022K, capacity 109740K, committed 109900K, reserved 1144832K
  class space    used 13472K, capacity 14527K, committed 14668K, reserved 1048576K
}
Event: 16.380 GC heap before
{Heap before GC invocations=64 (full 0):
 garbage-first heap   total 351232K, used 303765K [0x00000000a2400000, 0x0000000100000000)
  region size 1024K, 164 young (167936K), 10 survivors (10240K)
 Metaspace       used 107038K, capacity 109752K, committed 109900K, reserved 1144832K
  class space    used 13474K, capacity 14531K, committed 14668K, reserved 1048576K
}

